<?xml version="1.0" encoding="UTF-8"?>
<!-- Generated by org.testng.reporters.JUnitReportReporter -->
<testsuite hostname="LAPYPRINCE" failures="0" tests="8" name="Runner.runner" time="148.669" errors="0" timestamp="2024-08-30T18:27:09 IST" skipped="0">
  <testcase classname="Runner.runner" name="runScenario" time="17.006"/>
  <testcase classname="Runner.runner" name="runScenario" time="18.019"/>
  <testcase classname="Runner.runner" name="runScenario" time="25.318"/>
  <testcase classname="Runner.runner" name="runScenario" time="18.671"/>
  <testcase classname="Runner.runner" name="runScenario" time="18.761"/>
  <testcase classname="Runner.runner" name="runScenario" time="18.677"/>
  <testcase classname="Runner.runner" name="runScenario" time="16.071"/>
  <testcase classname="Runner.runner" name="runScenario" time="16.146"/>
</testsuite> <!-- Runner.runner -->
