<?xml version="1.0" encoding="UTF-8"?>
<!-- Generated by org.testng.reporters.JUnitReportReporter -->
<testsuite hostname="LAPYPRINCE" failures="0" tests="6" name="Runner2.runner" time="65.127" errors="0" timestamp="2024-08-30T22:27:55 IST" skipped="0">
  <testcase classname="Runner2.runner" name="runScenario" time="15.123"/>
  <testcase classname="Runner2.runner" name="runScenario" time="7.756"/>
  <testcase classname="Runner2.runner" name="runScenario" time="13.560"/>
  <testcase classname="Runner2.runner" name="runScenario" time="8.519"/>
  <testcase classname="Runner2.runner" name="runScenario" time="9.560"/>
  <testcase classname="Runner2.runner" name="runScenario" time="10.609"/>
</testsuite> <!-- Runner2.runner -->
